[35m[1mConsolidate compiler generated dependencies of target motor_node[0m
[ 25%] [32mBuilding CXX object CMakeFiles/motor_node.dir/src/motor_node.cpp.o[0m
[01m[K/home/nvidia/ros2_usb2can_motor_controller/src/motor_controller/src/motor_node.cpp:[m[K In lambda function:
[01m[K/home/nvidia/ros2_usb2can_motor_controller/src/motor_controller/src/motor_node.cpp:135:115:[m[K [01;31m[Kerror: [m[Kâ€˜[01m[Kclass MotorNode[m[Kâ€™ has no member named â€˜[01m[Khandle_can_message[m[Kâ€™; did you mean â€˜[01m[Khandle_can_feedback[m[Kâ€™?
  135 |                     [this](const can_usb_driver::CanUsbDevice* dev, const can_usb_driver::CanMessage& msg) {this->[01;31m[Khandle_can_message[m[K(dev, msg);
      |                                                                                                                   [01;31m[K^~~~~~~~~~~~~~~~~~[m[K
      |                                                                                                                   [32m[Khandle_can_feedback[m[K
gmake[2]: *** [CMakeFiles/motor_node.dir/build.make:76ï¼šCMakeFiles/motor_node.dir/src/motor_node.cpp.o] é”™è¯¯ 1
gmake[1]: *** [CMakeFiles/Makefile2:137ï¼šCMakeFiles/motor_node.dir/all] é”™è¯¯ 2
gmake: *** [Makefile:146ï¼šall] é”™è¯¯ 2
