[0.008s] Invoking command in '/home/nvidia/ros2_usb2can_motor_controller/build/motor_controller': CMAKE_PREFIX_PATH=/home/nvidia/ros2_usb2can_motor_controller/install/motor_interfaces:/home/nvidia/ros2_usb2can_motor_controller/install/can_usb_driver:/home/nvidia/ros2_usb2can_motor_controller/install/motor_controller:/opt/ros/humble /usr/bin/cmake --build /home/nvidia/ros2_usb2can_motor_controller/build/motor_controller -- -j16 -l16
[0.040s] [35m[1mConsolidate compiler generated dependencies of target motor_node[0m
[0.056s] [ 25%] [32mBuilding CXX object CMakeFiles/motor_node.dir/src/motor_node.cpp.o[0m
[1.426s] [01m[K/home/nvidia/ros2_usb2can_motor_controller/src/motor_controller/src/motor_node.cpp:[m[K In lambda function:
[1.426s] [01m[K/home/nvidia/ros2_usb2can_motor_controller/src/motor_controller/src/motor_node.cpp:135:115:[m[K [01;31m[Kerror: [m[Kâ€˜[01m[Kclass MotorNode[m[Kâ€™ has no member named â€˜[01m[Khandle_can_message[m[Kâ€™; did you mean â€˜[01m[Khandle_can_feedback[m[Kâ€™?
[1.426s]   135 |                     [this](const can_usb_driver::CanUsbDevice* dev, const can_usb_driver::CanMessage& msg) {this->[01;31m[Khandle_can_message[m[K(dev, msg);
[1.426s]       |                                                                                                                   [01;31m[K^~~~~~~~~~~~~~~~~~[m[K
[1.426s]       |                                                                                                                   [32m[Khandle_can_feedback[m[K
[3.302s] gmake[2]: *** [CMakeFiles/motor_node.dir/build.make:76ï¼šCMakeFiles/motor_node.dir/src/motor_node.cpp.o] é”™è¯¯ 1
[3.302s] gmake[1]: *** [CMakeFiles/Makefile2:137ï¼šCMakeFiles/motor_node.dir/all] é”™è¯¯ 2
[3.302s] gmake: *** [Makefile:146ï¼šall] é”™è¯¯ 2
[3.304s] Invoked command in '/home/nvidia/ros2_usb2can_motor_controller/build/motor_controller' returned '2': CMAKE_PREFIX_PATH=/home/nvidia/ros2_usb2can_motor_controller/install/motor_interfaces:/home/nvidia/ros2_usb2can_motor_controller/install/can_usb_driver:/home/nvidia/ros2_usb2can_motor_controller/install/motor_controller:/opt/ros/humble /usr/bin/cmake --build /home/nvidia/ros2_usb2can_motor_controller/build/motor_controller -- -j16 -l16
