[0.007s] Invoking command in '/home/nvidia/ros2_usb2can_motor_controller/build/motor_controller': AMENT_PREFIX_PATH=/home/nvidia/ros2_usb2can_motor_controller/install/motor_interfaces:/home/nvidia/ros2_usb2can_motor_controller/install/can_usb_driver:${AMENT_PREFIX_PATH} CMAKE_PREFIX_PATH=/home/nvidia/ros2_usb2can_motor_controller/install/motor_interfaces:/home/nvidia/ros2_usb2can_motor_controller/install/can_usb_driver:/opt/ros/humble LD_LIBRARY_PATH=/home/nvidia/ros2_usb2can_motor_controller/install/motor_interfaces/lib:${LD_LIBRARY_PATH} PYTHONPATH=/home/nvidia/ros2_usb2can_motor_controller/install/motor_interfaces/local/lib/python3.10/dist-packages:${PYTHONPATH} /usr/bin/cmake --build /home/nvidia/ros2_usb2can_motor_controller/build/motor_controller -- -j16 -l16
[0.039s] [35m[1mConsolidate compiler generated dependencies of target motor_node[0m
[0.055s] [ 50%] [32mBuilding CXX object CMakeFiles/motor_node.dir/src/rs03_motor_parser.cpp.o[0m
[0.055s] [ 50%] [32mBuilding CXX object CMakeFiles/motor_node.dir/src/motor_node.cpp.o[0m
[0.365s] [01m[K/home/nvidia/ros2_usb2can_motor_controller/src/motor_controller/src/rs03_motor_parser.cpp:93:39:[m[K [01;31m[Kerror: [m[K‚Äò[01m[KCanMessage[m[K‚Äô does not name a type
[0.365s]    93 | bool RS03Parser::match_feedback(const [01;31m[KCanMessage[m[K& msg) const
[0.365s]       |                                       [01;31m[K^~~~~~~~~~[m[K
[0.365s] [01m[K/home/nvidia/ros2_usb2can_motor_controller/src/motor_controller/src/rs03_motor_parser.cpp:93:6:[m[K [01;31m[Kerror: [m[Kno declaration matches ‚Äò[01m[Kbool RS03Parser::match_feedback(const int&) const[m[K‚Äô
[0.365s]    93 | bool [01;31m[KRS03Parser[m[K::match_feedback(const CanMessage& msg) const
[0.365s]       |      [01;31m[K^~~~~~~~~~[m[K
[0.365s] In file included from [01m[K/home/nvidia/ros2_usb2can_motor_controller/src/motor_controller/src/rs03_motor_parser.cpp:1[m[K:
[0.365s] [01m[K/home/nvidia/ros2_usb2can_motor_controller/src/motor_controller/include/motor_controller/rs03_motor_parser.hpp:16:10:[m[K [01;36m[Knote: [m[Kcandidate is: ‚Äò[01m[Kvirtual bool RS03Parser::match_feedback(const can_usb_driver::CanMessage&) const[m[K‚Äô
[0.365s]    16 |     bool [01;36m[Kmatch_feedback[m[K(const can_usb_driver::CanMessage &msg) const override;
[0.365s]       |          [01;36m[K^~~~~~~~~~~~~~[m[K
[0.365s] [01m[K/home/nvidia/ros2_usb2can_motor_controller/src/motor_controller/include/motor_controller/rs03_motor_parser.hpp:6:7:[m[K [01;36m[Knote: [m[K‚Äò[01m[Kclass RS03Parser[m[K‚Äô defined here
[0.365s]     6 | class [01;36m[KRS03Parser[m[K : public MotorParserBase
[0.366s]       |       [01;36m[K^~~~~~~~~~[m[K
[0.366s] [01m[K/home/nvidia/ros2_usb2can_motor_controller/src/motor_controller/src/rs03_motor_parser.cpp:106:44:[m[K [01;31m[Kerror: [m[K‚Äò[01m[KCanMessage[m[K‚Äô does not name a type
[0.366s]   106 | uint8_t RS03Parser::extract_motor_id(const [01;31m[KCanMessage[m[K& msg) const
[0.366s]       |                                            [01;31m[K^~~~~~~~~~[m[K
[0.366s] [01m[K/home/nvidia/ros2_usb2can_motor_controller/src/motor_controller/src/rs03_motor_parser.cpp:106:9:[m[K [01;31m[Kerror: [m[Kno declaration matches ‚Äò[01m[Kuint8_t RS03Parser::extract_motor_id(const int&) const[m[K‚Äô
[0.366s]   106 | uint8_t [01;31m[KRS03Parser[m[K::extract_motor_id(const CanMessage& msg) const
[0.366s]       |         [01;31m[K^~~~~~~~~~[m[K
[0.366s] In file included from [01m[K/home/nvidia/ros2_usb2can_motor_controller/src/motor_controller/src/rs03_motor_parser.cpp:1[m[K:
[0.366s] [01m[K/home/nvidia/ros2_usb2can_motor_controller/src/motor_controller/include/motor_controller/rs03_motor_parser.hpp:17:13:[m[K [01;36m[Knote: [m[Kcandidate is: ‚Äò[01m[Kvirtual uint8_t RS03Parser::extract_motor_id(const can_usb_driver::CanMessage&) const[m[K‚Äô
[0.366s]    17 |     uint8_t [01;36m[Kextract_motor_id[m[K(const can_usb_driver::CanMessage &msg) const override;
[0.366s]       |             [01;36m[K^~~~~~~~~~~~~~~~[m[K
[0.366s] [01m[K/home/nvidia/ros2_usb2can_motor_controller/src/motor_controller/include/motor_controller/rs03_motor_parser.hpp:6:7:[m[K [01;36m[Knote: [m[K‚Äò[01m[Kclass RS03Parser[m[K‚Äô defined here
[0.366s]     6 | class [01;36m[KRS03Parser[m[K : public MotorParserBase
[0.366s]       |       [01;36m[K^~~~~~~~~~[m[K
[0.417s] gmake[2]: *** [CMakeFiles/motor_node.dir/build.make:104ÔºöCMakeFiles/motor_node.dir/src/rs03_motor_parser.cpp.o] ÈîôËØØ 1
[0.417s] gmake[2]: *** Ê≠£Âú®Á≠âÂæÖÊú™ÂÆåÊàêÁöÑ‰ªªÂä°....
[1.376s] [01m[K/home/nvidia/ros2_usb2can_motor_controller/src/motor_controller/src/motor_node.cpp:[m[K In member function ‚Äò[01m[Kvoid MotorNode::handle_can_feedback(const string&, const can_usb_driver::CanMessage&)[m[K‚Äô:
[1.376s] [01m[K/home/nvidia/ros2_usb2can_motor_controller/src/motor_controller/src/motor_node.cpp:262:57:[m[K [01;31m[Kerror: [m[K‚Äò[01m[Kconst struct can_usb_driver::CanMessage[m[K‚Äô has no member named ‚Äò[01m[Kchannel[m[K‚Äô
[1.376s]   262 |                 std::string key = get_key(dev_name, msg.[01;31m[Kchannel[m[K, motor_id);
[1.376s]       |                                                         [01;31m[K^~~~~~~[m[K
[1.381s] [01m[K/home/nvidia/ros2_usb2can_motor_controller/src/motor_controller/src/motor_node.cpp:264:60:[m[K [01;31m[Kerror: [m[K‚Äò[01m[Kmotor_mutex_[m[K‚Äô was not declared in this scope; did you mean ‚Äò[01m[Kmotor_map_[m[K‚Äô?
[1.381s]   264 |                     std::lock_guard<std::mutex> motor_lock([01;31m[Kmotor_mutex_[m[K);
[1.381s]       |                                                            [01;31m[K^~~~~~~~~~~~[m[K
[1.381s]       |                                                            [32m[Kmotor_map_[m[K
[3.177s] gmake[2]: *** [CMakeFiles/motor_node.dir/build.make:76ÔºöCMakeFiles/motor_node.dir/src/motor_node.cpp.o] ÈîôËØØ 1
[3.177s] gmake[1]: *** [CMakeFiles/Makefile2:137ÔºöCMakeFiles/motor_node.dir/all] ÈîôËØØ 2
[3.177s] gmake: *** [Makefile:146Ôºöall] ÈîôËØØ 2
[3.179s] Invoked command in '/home/nvidia/ros2_usb2can_motor_controller/build/motor_controller' returned '2': AMENT_PREFIX_PATH=/home/nvidia/ros2_usb2can_motor_controller/install/motor_interfaces:/home/nvidia/ros2_usb2can_motor_controller/install/can_usb_driver:${AMENT_PREFIX_PATH} CMAKE_PREFIX_PATH=/home/nvidia/ros2_usb2can_motor_controller/install/motor_interfaces:/home/nvidia/ros2_usb2can_motor_controller/install/can_usb_driver:/opt/ros/humble LD_LIBRARY_PATH=/home/nvidia/ros2_usb2can_motor_controller/install/motor_interfaces/lib:${LD_LIBRARY_PATH} PYTHONPATH=/home/nvidia/ros2_usb2can_motor_controller/install/motor_interfaces/local/lib/python3.10/dist-packages:${PYTHONPATH} /usr/bin/cmake --build /home/nvidia/ros2_usb2can_motor_controller/build/motor_controller -- -j16 -l16
