[0.030s] Invoking command in '/home/nvidia/ros2_usb2can_motor_controller/build/can_usb_driver': CMAKE_PREFIX_PATH=${CMAKE_PREFIX_PATH}:/opt/ros/foxy /usr/bin/cmake --build /home/nvidia/ros2_usb2can_motor_controller/build/can_usb_driver -- -j12 -l12
[0.100s] [35m[1mScanning dependencies of target can_usb_driver[0m
[0.140s] [ 50%] [32mBuilding CXX object CMakeFiles/can_usb_driver.dir/src/can_usb_device.cpp.o[0m
[2.220s] In file included from [01m[K/opt/ros/foxy/include/rclcpp/service.hpp:34[m[K,
[2.220s]                  from [01m[K/opt/ros/foxy/include/rclcpp/callback_group.hpp:25[m[K,
[2.220s]                  from [01m[K/opt/ros/foxy/include/rclcpp/any_executable.hpp:20[m[K,
[2.221s]                  from [01m[K/opt/ros/foxy/include/rclcpp/memory_strategy.hpp:24[m[K,
[2.221s]                  from [01m[K/opt/ros/foxy/include/rclcpp/memory_strategies.hpp:18[m[K,
[2.221s]                  from [01m[K/opt/ros/foxy/include/rclcpp/executor_options.hpp:20[m[K,
[2.221s]                  from [01m[K/opt/ros/foxy/include/rclcpp/executor.hpp:33[m[K,
[2.221s]                  from [01m[K/opt/ros/foxy/include/rclcpp/executors/multi_threaded_executor.hpp:26[m[K,
[2.221s]                  from [01m[K/opt/ros/foxy/include/rclcpp/executors.hpp:21[m[K,
[2.221s]                  from [01m[K/opt/ros/foxy/include/rclcpp/rclcpp.hpp:146[m[K,
[2.221s]                  from [01m[K/home/nvidia/ros2_usb2can_motor_controller/src/can_usb_driver/src/can_usb_device.cpp:12[m[K:
[2.221s] [01m[K/home/nvidia/ros2_usb2can_motor_controller/src/can_usb_driver/src/can_usb_device.cpp:[m[K In member function â€˜[01m[Kbool can_usb_driver::CanUsbDevice::open()[m[Kâ€™:
[2.221s] [01m[K/home/nvidia/ros2_usb2can_motor_controller/src/can_usb_driver/src/can_usb_device.cpp:54:22:[m[K [01;31m[Kerror: [m[Kâ€˜[01m[Klogger_[m[Kâ€™ was not declared in this scope
[2.221s]    54 |         RCLCPP_ERROR([01;31m[Klogger_[m[K, "Failed to open %s: %s", devicePath_.c_str(), strerror(errno));
[2.222s]       |                      [01;31m[K^~~~~~~[m[K
[2.222s] [01m[K/home/nvidia/ros2_usb2can_motor_controller/src/can_usb_driver/src/can_usb_device.cpp:54:9:[m[K [01;31m[Kerror: [m[Ktemplate argument 1 is invalid
[2.222s]    54 |         [01;31m[KRCLCPP_ERROR[m[K(logger_, "Failed to open %s: %s", devicePath_.c_str(), strerror(errno));
[2.222s]       |         [01;31m[K^~~~~~~~~~~~[m[K
[2.222s] [01m[K/home/nvidia/ros2_usb2can_motor_controller/src/can_usb_driver/src/can_usb_device.cpp:54:9:[m[K [01;31m[Kerror: [m[Ktemplate argument 1 is invalid
[2.222s]    54 |         [01;31m[KRCLCPP_ERROR[m[K(logger_, "Failed to open %s: %s", devicePath_.c_str(), strerror(errno));
[2.222s]       |         [01;31m[K^~~~~~~~~~~~[m[K
[2.222s] [01m[K/home/nvidia/ros2_usb2can_motor_controller/src/can_usb_driver/src/can_usb_device.cpp:54:9:[m[K [01;31m[Kerror: [m[Ktemplate argument 1 is invalid
[2.222s]    54 |         [01;31m[KRCLCPP_ERROR[m[K(logger_, "Failed to open %s: %s", devicePath_.c_str(), strerror(errno));
[2.222s]       |         [01;31m[K^~~~~~~~~~~~[m[K
[2.225s] [01m[K/home/nvidia/ros2_usb2can_motor_controller/src/can_usb_driver/src/can_usb_device.cpp:58:21:[m[K [01;31m[Kerror: [m[Kâ€˜[01m[Klogger_[m[Kâ€™ was not declared in this scope
[2.225s]    58 |         RCLCPP_INFO([01;31m[Klogger_[m[K, "Successfully opened %s (fd=%d)", devicePath_.c_str(), fd_);
[2.226s]       |                     [01;31m[K^~~~~~~[m[K
[2.226s] [01m[K/home/nvidia/ros2_usb2can_motor_controller/src/can_usb_driver/src/can_usb_device.cpp:58:9:[m[K [01;31m[Kerror: [m[Ktemplate argument 1 is invalid
[2.226s]    58 |         [01;31m[KRCLCPP_INFO[m[K(logger_, "Successfully opened %s (fd=%d)", devicePath_.c_str(), fd_);
[2.226s]       |         [01;31m[K^~~~~~~~~~~[m[K
[2.226s] [01m[K/home/nvidia/ros2_usb2can_motor_controller/src/can_usb_driver/src/can_usb_device.cpp:58:9:[m[K [01;31m[Kerror: [m[Ktemplate argument 1 is invalid
[2.226s]    58 |         [01;31m[KRCLCPP_INFO[m[K(logger_, "Successfully opened %s (fd=%d)", devicePath_.c_str(), fd_);
[2.226s]       |         [01;31m[K^~~~~~~~~~~[m[K
[2.226s] [01m[K/home/nvidia/ros2_usb2can_motor_controller/src/can_usb_driver/src/can_usb_device.cpp:58:9:[m[K [01;31m[Kerror: [m[Ktemplate argument 1 is invalid
[2.226s]    58 |         [01;31m[KRCLCPP_INFO[m[K(logger_, "Successfully opened %s (fd=%d)", devicePath_.c_str(), fd_);
[2.226s]       |         [01;31m[K^~~~~~~~~~~[m[K
[2.233s] [01m[K/home/nvidia/ros2_usb2can_motor_controller/src/can_usb_driver/src/can_usb_device.cpp:[m[K In member function â€˜[01m[Kbool can_usb_driver::CanUsbDevice::sendCanMessage(const can_usb_driver::CanMessage&)[m[Kâ€™:
[2.233s] [01m[K/home/nvidia/ros2_usb2can_motor_controller/src/can_usb_driver/src/can_usb_device.cpp:109:22:[m[K [01;31m[Kerror: [m[Kâ€˜[01m[Klogger_[m[Kâ€™ was not declared in this scope
[2.233s]   109 |         RCLCPP_ERROR([01;31m[Klogger_[m[K, "CAN device not open!");
[2.233s]       |                      [01;31m[K^~~~~~~[m[K
[2.233s] [01m[K/home/nvidia/ros2_usb2can_motor_controller/src/can_usb_driver/src/can_usb_device.cpp:109:9:[m[K [01;31m[Kerror: [m[Ktemplate argument 1 is invalid
[2.233s]   109 |         [01;31m[KRCLCPP_ERROR[m[K(logger_, "CAN device not open!");
[2.233s]       |         [01;31m[K^~~~~~~~~~~~[m[K
[2.233s] [01m[K/home/nvidia/ros2_usb2can_motor_controller/src/can_usb_driver/src/can_usb_device.cpp:109:9:[m[K [01;31m[Kerror: [m[Ktemplate argument 1 is invalid
[2.233s]   109 |         [01;31m[KRCLCPP_ERROR[m[K(logger_, "CAN device not open!");
[2.233s]       |         [01;31m[K^~~~~~~~~~~~[m[K
[2.233s] [01m[K/home/nvidia/ros2_usb2can_motor_controller/src/can_usb_driver/src/can_usb_device.cpp:109:9:[m[K [01;31m[Kerror: [m[Ktemplate argument 1 is invalid
[2.234s]   109 |         [01;31m[KRCLCPP_ERROR[m[K(logger_, "CAN device not open!");
[2.234s]       |         [01;31m[K^~~~~~~~~~~~[m[K
[2.237s] [01m[K/home/nvidia/ros2_usb2can_motor_controller/src/can_usb_driver/src/can_usb_device.cpp:114:18:[m[K [01;31m[Kerror: [m[Kâ€˜[01m[Klogger_[m[Kâ€™ was not declared in this scope
[2.237s]   114 |     RCLCPP_DEBUG([01;31m[Klogger_[m[K, "Sending CAN message: port=%d, id=%d, data=[%s]",
[2.237s]       |                  [01;31m[K^~~~~~~[m[K
[2.237s] [01m[K/home/nvidia/ros2_usb2can_motor_controller/src/can_usb_driver/src/can_usb_device.cpp:114:5:[m[K [01;31m[Kerror: [m[Ktemplate argument 1 is invalid
[2.237s]   114 |     [01;31m[KRCLCPP_DEBUG[m[K(logger_, "Sending CAN message: port=%d, id=%d, data=[%s]",
[2.237s]       |     [01;31m[K^~~~~~~~~~~~[m[K
[2.237s] [01m[K/home/nvidia/ros2_usb2can_motor_controller/src/can_usb_driver/src/can_usb_device.cpp:114:5:[m[K [01;31m[Kerror: [m[Ktemplate argument 1 is invalid
[2.237s]   114 |     [01;31m[KRCLCPP_DEBUG[m[K(logger_, "Sending CAN message: port=%d, id=%d, data=[%s]",
[2.237s]       |     [01;31m[K^~~~~~~~~~~~[m[K
[2.237s] [01m[K/home/nvidia/ros2_usb2can_motor_controller/src/can_usb_driver/src/can_usb_device.cpp:114:5:[m[K [01;31m[Kerror: [m[Ktemplate argument 1 is invalid
[2.238s]   114 |     [01;31m[KRCLCPP_DEBUG[m[K(logger_, "Sending CAN message: port=%d, id=%d, data=[%s]",
[2.238s]       |     [01;31m[K^~~~~~~~~~~~[m[K
[2.242s] In file included from [01m[K/opt/ros/foxy/include/rclcpp/client.hpp:40[m[K,
[2.242s]                  from [01m[K/opt/ros/foxy/include/rclcpp/callback_group.hpp:23[m[K,
[2.242s]                  from [01m[K/opt/ros/foxy/include/rclcpp/any_executable.hpp:20[m[K,
[2.242s]                  from [01m[K/opt/ros/foxy/include/rclcpp/memory_strategy.hpp:24[m[K,
[2.242s]                  from [01m[K/opt/ros/foxy/include/rclcpp/memory_strategies.hpp:18[m[K,
[2.242s]                  from [01m[K/opt/ros/foxy/include/rclcpp/executor_options.hpp:20[m[K,
[2.242s]                  from [01m[K/opt/ros/foxy/include/rclcpp/executor.hpp:33[m[K,
[2.242s]                  from [01m[K/opt/ros/foxy/include/rclcpp/executors/multi_threaded_executor.hpp:26[m[K,
[2.243s]                  from [01m[K/opt/ros/foxy/include/rclcpp/executors.hpp:21[m[K,
[2.243s]                  from [01m[K/opt/ros/foxy/include/rclcpp/rclcpp.hpp:146[m[K,
[2.243s]                  from [01m[K/home/nvidia/ros2_usb2can_motor_controller/src/can_usb_driver/src/can_usb_device.cpp:12[m[K:
[2.243s] [01m[K/home/nvidia/ros2_usb2can_motor_controller/src/can_usb_driver/src/can_usb_device.cpp:115:39:[m[K [01;31m[Kerror: [m[Kâ€˜[01m[KbytesToHex[m[Kâ€™ was not declared in this scope
[2.243s]   115 |                  msg.canPort, msg.id, [01;31m[KbytesToHex[m[K(msg.data).c_str());
[2.243s]       |                                       [01;31m[K^~~~~~~~~~[m[K
[2.250s] In file included from [01m[K/opt/ros/foxy/include/rclcpp/service.hpp:34[m[K,
[2.250s]                  from [01m[K/opt/ros/foxy/include/rclcpp/callback_group.hpp:25[m[K,
[2.250s]                  from [01m[K/opt/ros/foxy/include/rclcpp/any_executable.hpp:20[m[K,
[2.250s]                  from [01m[K/opt/ros/foxy/include/rclcpp/memory_strategy.hpp:24[m[K,
[2.250s]                  from [01m[K/opt/ros/foxy/include/rclcpp/memory_strategies.hpp:18[m[K,
[2.250s]                  from [01m[K/opt/ros/foxy/include/rclcpp/executor_options.hpp:20[m[K,
[2.250s]                  from [01m[K/opt/ros/foxy/include/rclcpp/executor.hpp:33[m[K,
[2.250s]                  from [01m[K/opt/ros/foxy/include/rclcpp/executors/multi_threaded_executor.hpp:26[m[K,
[2.250s]                  from [01m[K/opt/ros/foxy/include/rclcpp/executors.hpp:21[m[K,
[2.250s]                  from [01m[K/opt/ros/foxy/include/rclcpp/rclcpp.hpp:146[m[K,
[2.250s]                  from [01m[K/home/nvidia/ros2_usb2can_motor_controller/src/can_usb_driver/src/can_usb_device.cpp:12[m[K:
[2.251s] [01m[K/home/nvidia/ros2_usb2can_motor_controller/src/can_usb_driver/src/can_usb_device.cpp:[m[K In member function â€˜[01m[Kvoid can_usb_driver::CanUsbDevice::receiveLoop()[m[Kâ€™:
[2.251s] [01m[K/home/nvidia/ros2_usb2can_motor_controller/src/can_usb_driver/src/can_usb_device.cpp:164:30:[m[K [01;31m[Kerror: [m[Kâ€˜[01m[Klogger_[m[Kâ€™ was not declared in this scope
[2.251s]   164 |                 RCLCPP_DEBUG([01;31m[Klogger_[m[K, "Received raw data");
[2.251s]       |                              [01;31m[K^~~~~~~[m[K
[2.251s] [01m[K/home/nvidia/ros2_usb2can_motor_controller/src/can_usb_driver/src/can_usb_device.cpp:164:17:[m[K [01;31m[Kerror: [m[Ktemplate argument 1 is invalid
[2.251s]   164 |                 [01;31m[KRCLCPP_DEBUG[m[K(logger_, "Received raw data");
[2.251s]       |                 [01;31m[K^~~~~~~~~~~~[m[K
[2.251s] [01m[K/home/nvidia/ros2_usb2can_motor_controller/src/can_usb_driver/src/can_usb_device.cpp:164:17:[m[K [01;31m[Kerror: [m[Ktemplate argument 1 is invalid
[2.251s]   164 |                 [01;31m[KRCLCPP_DEBUG[m[K(logger_, "Received raw data");
[2.251s]       |                 [01;31m[K^~~~~~~~~~~~[m[K
[2.251s] [01m[K/home/nvidia/ros2_usb2can_motor_controller/src/can_usb_driver/src/can_usb_device.cpp:164:17:[m[K [01;31m[Kerror: [m[Ktemplate argument 1 is invalid
[2.252s]   164 |                 [01;31m[KRCLCPP_DEBUG[m[K(logger_, "Received raw data");
[2.252s]       |                 [01;31m[K^~~~~~~~~~~~[m[K
[2.958s] make[2]: *** [CMakeFiles/can_usb_driver.dir/build.make:63ï¼šCMakeFiles/can_usb_driver.dir/src/can_usb_device.cpp.o] é”™è¯¯ 1
[2.959s] make[1]: *** [CMakeFiles/Makefile2:78ï¼šCMakeFiles/can_usb_driver.dir/all] é”™è¯¯ 2
[2.959s] make: *** [Makefile:141ï¼šall] é”™è¯¯ 2
[2.964s] Invoked command in '/home/nvidia/ros2_usb2can_motor_controller/build/can_usb_driver' returned '2': CMAKE_PREFIX_PATH=${CMAKE_PREFIX_PATH}:/opt/ros/foxy /usr/bin/cmake --build /home/nvidia/ros2_usb2can_motor_controller/build/can_usb_driver -- -j12 -l12
